TN:
SF:src\index.ts
FN:5,main
FN:11,(anonymous_5)
FN:12,(anonymous_6)
FN:13,(anonymous_7)
FN:18,(anonymous_8)
FNF:5
FNH:0
FNDA:0,main
FNDA:0,(anonymous_5)
FNDA:0,(anonymous_6)
FNDA:0,(anonymous_7)
FNDA:0,(anonymous_8)
DA:3,0
DA:6,0
DA:7,0
DA:11,0
DA:12,0
DA:13,0
DA:14,0
DA:17,0
DA:18,0
DA:19,0
DA:20,0
LF:11
LH:0
BRDA:17,0,0,0
BRF:1
BRH:0
end_of_record
TN:
SF:src\cli\cli.ts
FN:14,(anonymous_1)
FN:23,(anonymous_2)
FN:37,(anonymous_3)
FN:46,(anonymous_4)
FN:54,(anonymous_5)
FN:59,(anonymous_6)
FN:68,(anonymous_7)
FN:79,(anonymous_8)
FN:87,(anonymous_9)
FN:122,(anonymous_10)
FN:134,(anonymous_11)
FN:141,(anonymous_12)
FN:147,(anonymous_13)
FN:161,(anonymous_14)
FN:178,(anonymous_15)
FN:187,(anonymous_16)
FN:229,(anonymous_17)
FN:283,(anonymous_18)
FN:291,(anonymous_19)
FN:302,(anonymous_20)
FNF:20
FNH:0
FNDA:0,(anonymous_1)
FNDA:0,(anonymous_2)
FNDA:0,(anonymous_3)
FNDA:0,(anonymous_4)
FNDA:0,(anonymous_5)
FNDA:0,(anonymous_6)
FNDA:0,(anonymous_7)
FNDA:0,(anonymous_8)
FNDA:0,(anonymous_9)
FNDA:0,(anonymous_10)
FNDA:0,(anonymous_11)
FNDA:0,(anonymous_12)
FNDA:0,(anonymous_13)
FNDA:0,(anonymous_14)
FNDA:0,(anonymous_15)
FNDA:0,(anonymous_16)
FNDA:0,(anonymous_17)
FNDA:0,(anonymous_18)
FNDA:0,(anonymous_19)
FNDA:0,(anonymous_20)
DA:1,0
DA:2,0
DA:3,0
DA:4,0
DA:5,0
DA:8,0
DA:15,0
DA:16,0
DA:17,0
DA:18,0
DA:20,0
DA:24,0
DA:29,0
DA:38,0
DA:41,0
DA:47,0
DA:50,0
DA:55,0
DA:60,0
DA:61,0
DA:63,0
DA:64,0
DA:69,0
DA:70,0
DA:73,0
DA:76,0
DA:77,0
DA:78,0
DA:79,0
DA:80,0
DA:82,0
DA:85,0
DA:86,0
DA:87,0
DA:88,0
DA:92,0
DA:93,0
DA:96,0
DA:99,0
DA:102,0
DA:103,0
DA:104,0
DA:108,0
DA:109,0
DA:111,0
DA:112,0
DA:116,0
DA:117,0
DA:118,0
DA:123,0
DA:124,0
DA:126,0
DA:127,0
DA:129,0
DA:130,0
DA:132,0
DA:133,0
DA:134,0
DA:135,0
DA:139,0
DA:140,0
DA:141,0
DA:142,0
DA:145,0
DA:146,0
DA:147,0
DA:148,0
DA:151,0
DA:155,0
DA:156,0
DA:157,0
DA:162,0
DA:163,0
DA:165,0
DA:167,0
DA:168,0
DA:169,0
DA:170,0
DA:172,0
DA:173,0
DA:176,0
DA:177,0
DA:178,0
DA:179,0
DA:183,0
DA:184,0
DA:186,0
DA:187,0
DA:191,0
DA:192,0
DA:193,0
DA:194,0
DA:195,0
DA:196,0
DA:197,0
DA:202,0
DA:205,0
DA:206,0
DA:207,0
DA:208,0
DA:209,0
DA:211,0
DA:212,0
DA:214,0
DA:215,0
DA:217,0
DA:218,0
DA:223,0
DA:224,0
DA:225,0
DA:230,0
DA:232,0
DA:233,0
DA:235,0
DA:236,0
DA:237,0
DA:240,0
DA:241,0
DA:243,0
DA:244,0
DA:246,0
DA:247,0
DA:249,0
DA:250,0
DA:253,0
DA:254,0
DA:256,0
DA:257,0
DA:258,0
DA:259,0
DA:261,0
DA:264,0
DA:265,0
DA:266,0
DA:268,0
DA:269,0
DA:270,0
DA:272,0
DA:273,0
DA:274,0
DA:275,0
DA:276,0
DA:284,0
DA:285,0
DA:286,0
DA:287,0
DA:288,0
DA:292,0
DA:293,0
DA:294,0
DA:295,0
DA:296,0
DA:297,0
DA:298,0
DA:303,0
DA:304,0
DA:305,0
DA:306,0
DA:307,0
DA:308,0
LF:160
LH:0
BRDA:63,0,0,0
BRDA:63,0,1,0
BRDA:77,1,0,0
BRDA:85,2,0,0
BRDA:85,3,0,0
BRDA:85,3,1,0
BRDA:102,4,0,0
BRDA:102,4,1,0
BRDA:109,5,0,0
BRDA:109,6,0,0
BRDA:109,6,1,0
BRDA:117,7,0,0
BRDA:117,7,1,0
BRDA:129,8,0,0
BRDA:129,8,1,0
BRDA:132,9,0,0
BRDA:145,10,0,0
BRDA:156,11,0,0
BRDA:156,11,1,0
BRDA:168,12,0,0
BRDA:168,12,1,0
BRDA:169,13,0,0
BRDA:169,13,1,0
BRDA:170,14,0,0
BRDA:170,14,1,0
BRDA:172,15,0,0
BRDA:176,16,0,0
BRDA:176,17,0,0
BRDA:176,17,1,0
BRDA:179,18,0,0
BRDA:179,18,1,0
BRDA:183,19,0,0
BRDA:183,19,1,0
BRDA:186,20,0,0
BRDA:186,21,0,0
BRDA:186,21,1,0
BRDA:192,22,0,0
BRDA:196,23,0,0
BRDA:205,24,0,0
BRDA:208,25,0,0
BRDA:211,26,0,0
BRDA:214,27,0,0
BRDA:217,28,0,0
BRDA:224,29,0,0
BRDA:224,29,1,0
BRDA:240,30,0,0
BRDA:243,31,0,0
BRDA:246,32,0,0
BRDA:249,33,0,0
BRDA:259,34,0,0
BRDA:259,34,1,0
BRDA:264,35,0,0
BRDA:264,36,0,0
BRDA:264,36,1,0
BRDA:269,37,0,0
BRDA:275,38,0,0
BRDA:275,38,1,0
BRDA:284,39,0,0
BRDA:285,40,0,0
BRDA:286,41,0,0
BRDA:287,42,0,0
BRDA:292,43,0,0
BRDA:292,43,1,0
BRDA:292,43,2,0
BRDA:292,43,3,0
BRDA:292,43,4,0
BRDA:292,43,5,0
BRDA:303,44,0,0
BRDA:303,44,1,0
BRDA:303,44,2,0
BRDA:303,44,3,0
BRDA:303,44,4,0
BRF:72
BRH:0
end_of_record
TN:
SF:src\loader\openapi-loader.ts
FN:11,(anonymous_1)
FN:26,(anonymous_2)
FN:79,(anonymous_3)
FN:88,(anonymous_4)
FN:105,(anonymous_5)
FN:124,(anonymous_6)
FN:143,(anonymous_7)
FN:161,(anonymous_8)
FN:173,(anonymous_9)
FNF:9
FNH:9
FNDA:9,(anonymous_1)
FNDA:11,(anonymous_2)
FNDA:9,(anonymous_3)
FNDA:2,(anonymous_4)
FNDA:7,(anonymous_5)
FNDA:7,(anonymous_6)
FNDA:8,(anonymous_7)
FNDA:10,(anonymous_8)
FNDA:2,(anonymous_9)
DA:1,2
DA:2,2
DA:3,2
DA:4,2
DA:7,2
DA:14,9
DA:15,2
DA:17,7
DA:20,7
DA:27,11
DA:28,11
DA:30,11
DA:32,11
DA:33,3
DA:34,8
DA:35,1
DA:38,11
DA:39,2
DA:41,9
DA:42,1
DA:44,9
DA:45,1
DA:49,11
DA:50,3
DA:51,8
DA:52,3
DA:56,11
DA:57,8
DA:61,11
DA:62,2
DA:65,11
DA:71,0
DA:80,9
DA:81,9
DA:82,2
DA:84,7
DA:89,2
DA:90,2
DA:96,1
DA:98,1
DA:99,0
DA:101,1
DA:106,7
DA:107,7
DA:109,7
DA:110,1
DA:113,6
DA:114,6
DA:115,0
DA:118,6
DA:120,1
DA:125,7
DA:127,7
DA:128,3
DA:132,4
DA:133,4
DA:134,2
DA:137,2
DA:139,2
DA:144,8
DA:145,7
DA:146,1
DA:149,7
DA:150,7
DA:152,7
DA:153,56
DA:154,10
DA:162,10
DA:163,1
DA:166,10
DA:167,2
DA:168,0
DA:175,2
DA:176,2
DA:177,6
DA:178,1
DA:184,2
DA:185,1
DA:186,1
DA:187,0
DA:188,1
DA:189,0
LF:82
LH:76
BRDA:14,0,0,2
BRDA:14,0,1,7
BRDA:32,1,0,3
BRDA:32,1,1,8
BRDA:34,2,0,1
BRDA:38,3,0,2
BRDA:38,3,1,9
BRDA:41,4,0,1
BRDA:44,5,0,1
BRDA:49,6,0,3
BRDA:49,6,1,8
BRDA:51,7,0,3
BRDA:56,8,0,8
BRDA:61,9,0,2
BRDA:73,10,0,0
BRDA:73,10,1,0
BRDA:96,11,0,1
BRDA:96,11,1,0
BRDA:98,12,0,0
BRDA:109,13,0,1
BRDA:114,14,0,0
BRDA:120,15,0,1
BRDA:120,15,1,0
BRDA:127,16,0,3
BRDA:133,17,0,2
BRDA:133,18,0,4
BRDA:133,18,1,4
BRDA:139,19,0,2
BRDA:139,19,1,0
BRDA:145,20,0,1
BRDA:149,21,0,7
BRDA:149,22,0,7
BRDA:149,22,1,7
BRDA:153,23,0,10
BRDA:162,24,0,1
BRDA:166,25,0,2
BRDA:167,26,0,0
BRDA:175,27,0,2
BRDA:177,28,0,1
BRDA:177,29,0,6
BRDA:177,29,1,5
BRDA:184,30,0,1
BRDA:186,31,0,0
BRDA:186,31,1,1
BRDA:186,32,0,1
BRDA:186,32,1,1
BRDA:188,33,0,0
BRF:47
BRH:37
end_of_record
TN:
SF:src\reporting\report-generator.ts
FN:8,(anonymous_0)
FN:24,(anonymous_1)
FN:35,(anonymous_2)
FN:39,(anonymous_3)
FN:104,(anonymous_4)
FN:290,(anonymous_5)
FN:305,(anonymous_6)
FN:310,(anonymous_7)
FN:329,(anonymous_8)
FN:339,(anonymous_9)
FNF:10
FNH:9
FNDA:5,(anonymous_0)
FNDA:0,(anonymous_1)
FNDA:1,(anonymous_2)
FNDA:2,(anonymous_3)
FNDA:1,(anonymous_4)
FNDA:7,(anonymous_5)
FNDA:7,(anonymous_6)
FNDA:2,(anonymous_7)
FNDA:26,(anonymous_8)
FNDA:1,(anonymous_9)
DA:2,1
DA:4,1
DA:9,5
DA:11,1
DA:13,2
DA:15,1
DA:17,1
DA:25,0
DA:27,0
DA:28,0
DA:29,0
DA:32,0
DA:36,1
DA:40,2
DA:43,2
DA:44,2
DA:45,2
DA:46,2
DA:47,2
DA:50,2
DA:51,2
DA:54,2
DA:55,2
DA:56,2
DA:57,2
DA:59,2
DA:60,14
DA:63,2
DA:66,2
DA:67,2
DA:68,2
DA:69,2
DA:70,2
DA:71,2
DA:72,2
DA:73,2
DA:74,2
DA:75,2
DA:76,2
DA:77,2
DA:80,2
DA:81,2
DA:83,2
DA:84,14
DA:85,9
DA:86,9
DA:88,9
DA:89,24
DA:90,24
DA:91,24
DA:92,24
DA:93,24
DA:94,24
DA:95,24
DA:96,24
DA:101,2
DA:105,1
DA:107,1
DA:290,7
DA:306,7
DA:308,2
DA:310,2
DA:330,26
DA:331,0
DA:332,1
DA:333,14
DA:334,11
DA:335,0
DA:340,1
DA:341,0
DA:342,0
DA:343,0
DA:344,0
LF:73
LH:62
BRDA:9,0,0,1
BRDA:9,0,1,2
BRDA:9,0,2,1
BRDA:9,0,3,1
BRDA:27,1,0,0
BRDA:84,2,0,9
BRDA:91,3,0,13
BRDA:91,3,1,11
BRDA:306,4,0,5
BRDA:314,5,0,2
BRDA:314,5,1,0
BRDA:330,6,0,0
BRDA:330,6,1,1
BRDA:330,6,2,14
BRDA:330,6,3,11
BRDA:330,6,4,0
BRDA:340,7,0,1
BRDA:341,8,0,0
BRDA:342,9,0,0
BRDA:343,10,0,0
BRF:20
BRH:13
end_of_record
TN:
SF:src\scoring\scoring-engine.ts
FN:14,(anonymous_0)
FN:41,(anonymous_1)
FN:54,(anonymous_2)
FN:59,(anonymous_3)
FN:61,(anonymous_4)
FN:62,(anonymous_5)
FN:63,(anonymous_6)
FN:64,(anonymous_7)
FN:88,(anonymous_8)
FN:129,(anonymous_9)
FN:166,(anonymous_10)
FN:211,(anonymous_11)
FN:234,(anonymous_12)
FN:257,(anonymous_13)
FN:305,(anonymous_14)
FN:358,(anonymous_15)
FN:382,(anonymous_16)
FN:425,(anonymous_17)
FN:441,(anonymous_18)
FN:479,(anonymous_19)
FN:509,(anonymous_20)
FN:514,(anonymous_21)
FN:529,(anonymous_22)
FN:547,(anonymous_23)
FN:566,(anonymous_24)
FN:567,(anonymous_25)
FN:568,(anonymous_26)
FN:586,(anonymous_27)
FN:595,(anonymous_28)
FN:612,(anonymous_29)
FN:613,(anonymous_30)
FN:633,(anonymous_31)
FN:666,(anonymous_32)
FN:704,(anonymous_33)
FN:720,(anonymous_34)
FN:748,(anonymous_35)
FN:750,(anonymous_36)
FN:761,(anonymous_37)
FN:805,(anonymous_38)
FN:818,(anonymous_39)
FN:819,(anonymous_40)
FN:830,(anonymous_41)
FN:838,(anonymous_42)
FNF:43
FNH:43
FNDA:20,(anonymous_0)
FNDA:21,(anonymous_1)
FNDA:147,(anonymous_2)
FNDA:147,(anonymous_3)
FNDA:242,(anonymous_4)
FNDA:242,(anonymous_5)
FNDA:242,(anonymous_6)
FNDA:242,(anonymous_7)
FNDA:21,(anonymous_8)
FNDA:21,(anonymous_9)
FNDA:21,(anonymous_10)
FNDA:21,(anonymous_11)
FNDA:21,(anonymous_12)
FNDA:21,(anonymous_13)
FNDA:21,(anonymous_14)
FNDA:6,(anonymous_15)
FNDA:21,(anonymous_16)
FNDA:37,(anonymous_17)
FNDA:17,(anonymous_18)
FNDA:21,(anonymous_19)
FNDA:21,(anonymous_20)
FNDA:36,(anonymous_21)
FNDA:16,(anonymous_22)
FNDA:21,(anonymous_23)
FNDA:2,(anonymous_24)
FNDA:4,(anonymous_25)
FNDA:6,(anonymous_26)
FNDA:17,(anonymous_27)
FNDA:21,(anonymous_28)
FNDA:28,(anonymous_29)
FNDA:33,(anonymous_30)
FNDA:21,(anonymous_31)
FNDA:17,(anonymous_32)
FNDA:31,(anonymous_33)
FNDA:21,(anonymous_34)
FNDA:21,(anonymous_35)
FNDA:2,(anonymous_36)
FNDA:6,(anonymous_37)
FNDA:21,(anonymous_38)
FNDA:147,(anonymous_39)
FNDA:242,(anonymous_40)
FNDA:21,(anonymous_41)
FNDA:21,(anonymous_42)
DA:11,2
DA:15,20
DA:42,21
DA:45,21
DA:46,21
DA:47,21
DA:48,21
DA:49,21
DA:50,21
DA:51,21
DA:54,147
DA:55,21
DA:56,21
DA:59,147
DA:60,21
DA:61,242
DA:62,242
DA:63,242
DA:64,242
DA:68,21
DA:69,21
DA:71,21
DA:89,21
DA:90,21
DA:93,21
DA:94,19
DA:102,19
DA:106,21
DA:107,2
DA:108,6
DA:113,21
DA:116,21
DA:117,21
DA:119,21
DA:130,21
DA:131,21
DA:134,21
DA:135,19
DA:143,19
DA:147,21
DA:148,21
DA:149,17
DA:153,21
DA:154,21
DA:156,21
DA:167,21
DA:168,21
DA:170,21
DA:171,0
DA:179,0
DA:190,21
DA:193,21
DA:196,21
DA:198,21
DA:199,21
DA:201,21
DA:212,21
DA:213,21
DA:215,21
DA:216,21
DA:217,17
DA:221,21
DA:222,21
DA:224,21
DA:235,21
DA:236,21
DA:238,21
DA:239,21
DA:240,17
DA:244,21
DA:245,21
DA:247,21
DA:258,21
DA:259,21
DA:262,21
DA:263,19
DA:271,19
DA:275,21
DA:276,20
DA:284,20
DA:288,21
DA:289,21
DA:292,21
DA:293,21
DA:295,21
DA:306,21
DA:307,21
DA:310,21
DA:311,19
DA:319,19
DA:323,21
DA:324,19
DA:332,19
DA:336,21
DA:337,21
DA:341,21
DA:343,21
DA:344,21
DA:346,21
DA:359,6
DA:360,0
DA:370,6
DA:371,0
DA:383,21
DA:385,21
DA:386,17
DA:388,17
DA:389,85
DA:390,85
DA:392,21
DA:393,1
DA:405,21
DA:406,21
DA:407,33
DA:408,19
DA:426,37
DA:429,37
DA:432,37
DA:433,18
DA:434,18
DA:438,20
DA:442,17
DA:444,17
DA:445,85
DA:446,85
DA:447,21
DA:448,15
DA:460,21
DA:461,3
DA:462,3
DA:463,1
DA:480,21
DA:482,21
DA:484,17
DA:485,1
DA:496,17
DA:497,0
DA:511,21
DA:513,21
DA:514,36
DA:515,17
DA:516,17
DA:517,17
DA:518,16
DA:520,17
DA:525,21
DA:526,16
DA:527,15
DA:528,15
DA:529,15
DA:530,16
DA:533,15
DA:534,14
DA:548,21
DA:550,21
DA:551,17
DA:552,2
DA:553,0
DA:567,4
DA:568,6
DA:570,2
DA:571,2
DA:574,0
DA:575,0
DA:576,0
DA:578,0
DA:579,0
DA:583,0
DA:587,17
DA:589,17
DA:590,85
DA:591,85
DA:592,21
DA:595,21
DA:596,21
DA:599,21
DA:600,1
DA:612,28
DA:613,33
DA:615,21
DA:616,13
DA:628,21
DA:634,21
DA:636,21
DA:638,4
DA:639,0
DA:649,4
DA:651,1
DA:652,0
DA:662,1
DA:667,17
DA:669,17
DA:670,85
DA:671,85
DA:672,21
DA:675,21
DA:676,4
DA:680,21
DA:681,21
DA:682,27
DA:683,4
DA:684,4
DA:689,21
DA:690,16
DA:705,31
DA:707,31
DA:709,31
DA:710,12
DA:711,12
DA:712,7
DA:717,24
DA:721,21
DA:723,21
DA:724,17
DA:726,17
DA:727,85
DA:728,85
DA:729,21
DA:730,21
DA:732,21
DA:733,15
DA:749,21
DA:750,21
DA:752,21
DA:755,21
DA:756,17
DA:758,17
DA:759,85
DA:760,85
DA:761,6
DA:767,21
DA:768,2
DA:769,0
DA:781,21
DA:782,21
DA:783,17
DA:785,17
DA:786,85
DA:787,85
DA:788,15
DA:793,21
DA:794,13
DA:806,21
DA:807,18
DA:819,147
DA:820,242
DA:821,0
DA:822,20
DA:823,140
DA:824,82
DA:825,0
DA:831,21
DA:832,20
DA:833,20
DA:834,12
DA:835,2
DA:839,21
DA:841,21
DA:842,21
DA:843,17
DA:844,17
DA:845,136
DA:846,21
DA:850,21
LF:264
LH:247
BRDA:68,0,0,21
BRDA:68,0,1,0
BRDA:80,1,0,21
BRDA:80,1,1,0
BRDA:81,2,0,21
BRDA:81,2,1,0
BRDA:93,3,0,19
BRDA:93,4,0,21
BRDA:93,4,1,2
BRDA:106,5,0,2
BRDA:134,6,0,19
BRDA:147,7,0,21
BRDA:170,8,0,0
BRDA:215,9,0,21
BRDA:238,10,0,21
BRDA:262,11,0,19
BRDA:262,12,0,21
BRDA:262,12,1,2
BRDA:275,13,0,20
BRDA:275,14,0,21
BRDA:275,14,1,1
BRDA:288,15,0,21
BRDA:310,16,0,19
BRDA:310,17,0,21
BRDA:310,17,1,21
BRDA:323,18,0,19
BRDA:323,19,0,21
BRDA:323,19,1,2
BRDA:336,20,0,21
BRDA:359,21,0,0
BRDA:359,22,0,6
BRDA:359,22,1,0
BRDA:359,22,2,0
BRDA:359,22,3,0
BRDA:359,22,4,0
BRDA:370,23,0,0
BRDA:370,24,0,6
BRDA:370,24,1,6
BRDA:370,24,2,0
BRDA:383,25,0,0
BRDA:390,26,0,21
BRDA:392,27,0,1
BRDA:392,28,0,21
BRDA:392,28,1,4
BRDA:405,29,0,21
BRDA:407,30,0,19
BRDA:407,31,0,33
BRDA:407,31,1,33
BRDA:426,32,0,0
BRDA:429,33,0,0
BRDA:432,34,0,18
BRDA:434,35,0,17
BRDA:446,36,0,21
BRDA:447,37,0,15
BRDA:447,38,0,21
BRDA:447,38,1,15
BRDA:460,39,0,3
BRDA:462,40,0,1
BRDA:484,41,0,1
BRDA:496,42,0,0
BRDA:496,43,0,17
BRDA:496,43,1,0
BRDA:514,44,0,36
BRDA:514,44,1,19
BRDA:515,45,0,17
BRDA:517,46,0,16
BRDA:526,47,0,15
BRDA:533,48,0,14
BRDA:552,49,0,0
BRDA:570,50,0,2
BRDA:578,51,0,0
BRDA:578,52,0,0
BRDA:578,52,1,0
BRDA:578,52,2,0
BRDA:591,53,0,21
BRDA:591,54,0,85
BRDA:591,54,1,21
BRDA:596,55,0,21
BRDA:596,55,1,1
BRDA:599,56,0,1
BRDA:615,57,0,13
BRDA:615,58,0,21
BRDA:615,58,1,13
BRDA:636,59,0,4
BRDA:636,59,1,1
BRDA:638,60,0,0
BRDA:638,61,0,4
BRDA:638,61,1,1
BRDA:651,62,0,0
BRDA:651,63,0,1
BRDA:651,63,1,0
BRDA:671,64,0,21
BRDA:675,65,0,4
BRDA:680,66,0,21
BRDA:682,67,0,4
BRDA:689,68,0,16
BRDA:705,69,0,0
BRDA:707,70,0,0
BRDA:707,71,0,31
BRDA:707,71,1,31
BRDA:709,72,0,12
BRDA:711,73,0,7
BRDA:711,74,0,12
BRDA:711,74,1,5
BRDA:721,75,0,0
BRDA:728,76,0,21
BRDA:729,77,0,21
BRDA:729,77,1,5
BRDA:730,78,0,21
BRDA:730,78,1,1
BRDA:732,79,0,15
BRDA:732,80,0,21
BRDA:732,80,1,16
BRDA:750,81,0,21
BRDA:750,81,1,19
BRDA:752,82,0,0
BRDA:760,83,0,6
BRDA:768,84,0,0
BRDA:787,85,0,15
BRDA:787,86,0,85
BRDA:787,86,1,21
BRDA:787,86,2,6
BRDA:793,87,0,13
BRDA:806,88,0,18
BRDA:820,89,0,0
BRDA:820,89,1,20
BRDA:820,89,2,140
BRDA:820,89,3,82
BRDA:820,89,4,0
BRDA:831,90,0,1
BRDA:832,91,0,0
BRDA:833,92,0,8
BRDA:834,93,0,10
BRDA:839,94,0,0
BRDA:845,95,0,21
BRF:135
BRH:102
end_of_record
